

Started GET "/" for 127.0.0.1 at Sat Nov 13 14:18:28 -0800 2010
  [1m[36mSQL (0.1ms)[0m  [1mSET client_min_messages TO 'warning'[0m
  [1m[35mSQL (0.4ms)[0m  SHOW client_min_messages
  [1m[36mSQL (0.1ms)[0m  [1mSET client_min_messages TO 'panic'[0m
  [1m[35mSQL (0.1ms)[0m  SET standard_conforming_strings = on
  [1m[36mSQL (0.1ms)[0m  [1mSET client_min_messages TO 'warning'[0m
  [1m[35mSQL (0.4ms)[0m  SET time zone 'UTC'
  [1m[36mSQL (0.1ms)[0m  [1mSHOW TIME ZONE[0m
  Processing by HomeController#index as HTML
Rendered home/index.html.haml within layouts/application (4.2ms)
Completed 200 OK in 35ms (Views: 34.7ms | ActiveRecord: 1.3ms)


Started GET "/stylesheets/compiled/site.css?1289686561" for 127.0.0.1 at Sat Nov 13 14:18:28 -0800 2010

ActionController::RoutingError (No route matches "/stylesheets/compiled/site.css"):
  

Rendered /Users/jaredcosulich/.rvm/gems/ruby-1.8.7-p299@tilt/gems/actionpack-3.0.0.rc2/lib/action_dispatch/middleware/templates/rescues/routing_error.erb within rescues/layout (0.8ms)


Started GET "/" for 127.0.0.1 at Sat Nov 13 14:23:41 -0800 2010
  Processing by HomeController#index as HTML
Rendered home/index.html.haml within layouts/application (3.4ms)
Completed 200 OK in 9ms (Views: 8.4ms | ActiveRecord: 0.0ms)


Started GET "/stylesheets/compiled/site.css?1289686561" for 127.0.0.1 at Sat Nov 13 14:23:42 -0800 2010

ActionController::RoutingError (No route matches "/stylesheets/compiled/site.css"):
  

Rendered /Users/jaredcosulich/.rvm/gems/ruby-1.8.7-p299@tilt/gems/actionpack-3.0.0.rc2/lib/action_dispatch/middleware/templates/rescues/routing_error.erb within rescues/layout (1.5ms)


Started GET "/" for 127.0.0.1 at Sat Nov 13 14:23:42 -0800 2010
  Processing by HomeController#index as HTML
Rendered home/index.html.haml within layouts/application (3.4ms)
Completed 200 OK in 9ms (Views: 8.3ms | ActiveRecord: 0.0ms)


Started GET "/stylesheets/compiled/site.css?1289686561" for 127.0.0.1 at Sat Nov 13 14:23:42 -0800 2010

ActionController::RoutingError (No route matches "/stylesheets/compiled/site.css"):
  

Rendered /Users/jaredcosulich/.rvm/gems/ruby-1.8.7-p299@tilt/gems/actionpack-3.0.0.rc2/lib/action_dispatch/middleware/templates/rescues/routing_error.erb within rescues/layout (0.8ms)


Started GET "/" for 127.0.0.1 at Sat Nov 13 14:23:43 -0800 2010
  Processing by HomeController#index as HTML
Rendered home/index.html.haml within layouts/application (3.7ms)
Completed 200 OK in 9ms (Views: 8.9ms | ActiveRecord: 0.0ms)


Started GET "/stylesheets/compiled/site.css?1289686561" for 127.0.0.1 at Sat Nov 13 14:23:43 -0800 2010

ActionController::RoutingError (No route matches "/stylesheets/compiled/site.css"):
  

Rendered /Users/jaredcosulich/.rvm/gems/ruby-1.8.7-p299@tilt/gems/actionpack-3.0.0.rc2/lib/action_dispatch/middleware/templates/rescues/routing_error.erb within rescues/layout (0.8ms)


Started GET "/" for 127.0.0.1 at Sat Nov 13 14:24:44 -0800 2010
  Processing by HomeController#index as HTML
Rendered home/index.html.haml within layouts/application (3.7ms)
Completed 200 OK in 9ms (Views: 8.5ms | ActiveRecord: 0.0ms)


Started GET "/stylesheets/compiled/site.css?1289686561" for 127.0.0.1 at Sat Nov 13 14:24:44 -0800 2010

ActionController::RoutingError (No route matches "/stylesheets/compiled/site.css"):
  

Rendered /Users/jaredcosulich/.rvm/gems/ruby-1.8.7-p299@tilt/gems/actionpack-3.0.0.rc2/lib/action_dispatch/middleware/templates/rescues/routing_error.erb within rescues/layout (0.9ms)


Started GET "/" for 127.0.0.1 at Sat Nov 13 14:25:54 -0800 2010
  Processing by HomeController#index as HTML
Rendered home/index.html.haml within layouts/application (3.6ms)
Completed 200 OK in 9ms (Views: 8.2ms | ActiveRecord: 0.0ms)


Started GET "/stylesheets/compiled/site.css?1289686561" for 127.0.0.1 at Sat Nov 13 14:25:54 -0800 2010

ActionController::RoutingError (No route matches "/stylesheets/compiled/site.css"):
  

Rendered /Users/jaredcosulich/.rvm/gems/ruby-1.8.7-p299@tilt/gems/actionpack-3.0.0.rc2/lib/action_dispatch/middleware/templates/rescues/routing_error.erb within rescues/layout (1.0ms)


Started GET "/" for 127.0.0.1 at Sat Nov 13 14:25:55 -0800 2010
  Processing by HomeController#index as HTML
Rendered home/index.html.haml within layouts/application (3.8ms)
Completed 200 OK in 9ms (Views: 9.0ms | ActiveRecord: 0.0ms)


Started GET "/stylesheets/compiled/site.css?1289686561" for 127.0.0.1 at Sat Nov 13 14:25:55 -0800 2010

ActionController::RoutingError (No route matches "/stylesheets/compiled/site.css"):
  

Rendered /Users/jaredcosulich/.rvm/gems/ruby-1.8.7-p299@tilt/gems/actionpack-3.0.0.rc2/lib/action_dispatch/middleware/templates/rescues/routing_error.erb within rescues/layout (0.8ms)


Started GET "/" for 127.0.0.1 at Sat Nov 13 14:25:55 -0800 2010
  Processing by HomeController#index as HTML
Rendered home/index.html.haml within layouts/application (3.7ms)
Completed 200 OK in 9ms (Views: 8.8ms | ActiveRecord: 0.0ms)


Started GET "/stylesheets/compiled/site.css?1289686561" for 127.0.0.1 at Sat Nov 13 14:25:55 -0800 2010

ActionController::RoutingError (No route matches "/stylesheets/compiled/site.css"):
  

Rendered /Users/jaredcosulich/.rvm/gems/ruby-1.8.7-p299@tilt/gems/actionpack-3.0.0.rc2/lib/action_dispatch/middleware/templates/rescues/routing_error.erb within rescues/layout (0.8ms)


Started GET "/" for 127.0.0.1 at Sat Nov 13 14:26:05 -0800 2010
  [1m[36mSQL (0.1ms)[0m  [1mSET client_min_messages TO 'warning'[0m
  [1m[35mSQL (0.3ms)[0m  SHOW client_min_messages
  [1m[36mSQL (0.1ms)[0m  [1mSET client_min_messages TO 'panic'[0m
  [1m[35mSQL (0.1ms)[0m  SET standard_conforming_strings = on
  [1m[36mSQL (0.1ms)[0m  [1mSET client_min_messages TO 'warning'[0m
  [1m[35mSQL (0.5ms)[0m  SET time zone 'UTC'
  [1m[36mSQL (0.1ms)[0m  [1mSHOW TIME ZONE[0m
  Processing by HomeController#index as HTML
Rendered home/index.html.haml within layouts/application (3.7ms)
Completed 200 OK in 10ms (Views: 9.3ms | ActiveRecord: 1.2ms)


Started GET "/" for 127.0.0.1 at Sat Nov 13 14:26:06 -0800 2010
  Processing by HomeController#index as HTML
Rendered home/index.html.haml within layouts/application (3.8ms)
Completed 200 OK in 9ms (Views: 8.4ms | ActiveRecord: 0.0ms)


Started GET "/" for 127.0.0.1 at Sat Nov 13 14:26:06 -0800 2010
  Processing by HomeController#index as HTML
Rendered home/index.html.haml within layouts/application (3.8ms)
Completed 200 OK in 9ms (Views: 8.9ms | ActiveRecord: 0.0ms)


Started GET "/" for 127.0.0.1 at Sat Nov 13 14:27:59 -0800 2010
  [1m[36mSQL (0.1ms)[0m  [1mSET client_min_messages TO 'warning'[0m
  [1m[35mSQL (0.3ms)[0m  SHOW client_min_messages
  [1m[36mSQL (0.3ms)[0m  [1mSET client_min_messages TO 'panic'[0m
  [1m[35mSQL (0.1ms)[0m  SET standard_conforming_strings = on
  [1m[36mSQL (0.1ms)[0m  [1mSET client_min_messages TO 'warning'[0m
  [1m[35mSQL (0.4ms)[0m  SET time zone 'UTC'
  [1m[36mSQL (0.1ms)[0m  [1mSHOW TIME ZONE[0m
  Processing by HomeController#index as HTML
Rendered home/index.html.haml within layouts/application (3.6ms)
Completed 200 OK in 10ms (Views: 9.1ms | ActiveRecord: 1.4ms)


Started GET "/" for 127.0.0.1 at Sat Nov 13 14:28:08 -0800 2010
  Processing by HomeController#index as HTML
Rendered home/index.html.haml within layouts/application (4.9ms)
Completed 200 OK in 16ms (Views: 14.2ms | ActiveRecord: 0.0ms)


Started GET "/" for 127.0.0.1 at Sat Nov 13 14:28:42 -0800 2010
  Processing by HomeController#index as HTML
Rendered home/index.html.haml within layouts/application (16.2ms)
Completed 200 OK in 23ms (Views: 22.4ms | ActiveRecord: 0.0ms)


Started GET "/" for 127.0.0.1 at Sat Nov 13 14:30:00 -0800 2010
  Processing by HomeController#index as HTML
Rendered home/index.html.haml within layouts/application (4.3ms)
Completed 200 OK in 10ms (Views: 9.4ms | ActiveRecord: 0.0ms)


Started GET "/" for 127.0.0.1 at Sat Nov 13 14:35:30 -0800 2010
  Processing by HomeController#index as HTML
Rendered home/index.html.haml within layouts/application (5.3ms)
Completed 200 OK in 13ms (Views: 12.9ms | ActiveRecord: 0.0ms)


Started GET "/contact" for 127.0.0.1 at Sat Nov 13 14:35:32 -0800 2010
  Processing by HomeController#contact as HTML
Rendered home/contact.html.haml within layouts/application (7.8ms)
Completed 200 OK in 40ms (Views: 39.1ms | ActiveRecord: 0.0ms)


Started GET "/articles" for 127.0.0.1 at Sat Nov 13 14:35:33 -0800 2010
  Processing by ArticlesController#index as HTML
Rendered articles/index.html.haml within layouts/application (5.0ms)
Completed 200 OK in 11ms (Views: 10.4ms | ActiveRecord: 0.0ms)


Started GET "/" for 127.0.0.1 at Sat Nov 13 14:35:34 -0800 2010
  Processing by HomeController#index as HTML
Rendered home/index.html.haml within layouts/application (5.0ms)
Completed 200 OK in 10ms (Views: 9.9ms | ActiveRecord: 0.0ms)


Started GET "/contact" for 127.0.0.1 at Sat Nov 13 14:35:35 -0800 2010
  Processing by HomeController#contact as HTML
Rendered home/contact.html.haml within layouts/application (5.2ms)
Completed 200 OK in 11ms (Views: 10.1ms | ActiveRecord: 0.0ms)


Started GET "/contact" for 127.0.0.1 at Sat Nov 13 14:35:49 -0800 2010
  Processing by HomeController#contact as HTML
Rendered home/contact.html.haml within layouts/application (7.7ms)
Completed 200 OK in 21ms (Views: 20.4ms | ActiveRecord: 0.0ms)


Started GET "/contact" for 127.0.0.1 at Sat Nov 13 14:36:08 -0800 2010
  Processing by HomeController#contact as HTML
Rendered home/contact.html.haml within layouts/application (4.8ms)
Completed 200 OK in 10ms (Views: 9.6ms | ActiveRecord: 0.0ms)


Started GET "/contact" for 127.0.0.1 at Sat Nov 13 14:54:08 -0800 2010
  Processing by HomeController#contact as HTML
Rendered home/contact.html.haml within layouts/application (5.3ms)
Completed 200 OK in 11ms (Views: 10.4ms | ActiveRecord: 0.0ms)


Started GET "/contact" for 127.0.0.1 at Sat Nov 13 14:54:34 -0800 2010
  Processing by HomeController#contact as HTML
Rendered home/contact.html.haml within layouts/application (17.0ms)
Completed 200 OK in 24ms (Views: 23.7ms | ActiveRecord: 0.0ms)


Started GET "/contact" for 127.0.0.1 at Sat Nov 13 14:54:42 -0800 2010
  Processing by HomeController#contact as HTML
Rendered home/contact.html.haml within layouts/application (80.0ms)
Completed 200 OK in 85ms (Views: 85.0ms | ActiveRecord: 0.0ms)


Started GET "/contact" for 127.0.0.1 at Sat Nov 13 14:54:52 -0800 2010
  Processing by HomeController#contact as HTML
Rendered home/contact.html.haml within layouts/application (8.4ms)
Completed 200 OK in 15ms (Views: 14.3ms | ActiveRecord: 0.0ms)


Started GET "/contact" for 127.0.0.1 at Sat Nov 13 14:54:55 -0800 2010
  Processing by HomeController#contact as HTML
Rendered home/contact.html.haml within layouts/application (4.7ms)
Completed 200 OK in 10ms (Views: 9.1ms | ActiveRecord: 0.0ms)


Started GET "/contact" for 127.0.0.1 at Sat Nov 13 14:54:55 -0800 2010
  Processing by HomeController#contact as HTML
Rendered home/contact.html.haml within layouts/application (5.0ms)
Completed 200 OK in 10ms (Views: 9.9ms | ActiveRecord: 0.0ms)


Started GET "/contact" for 127.0.0.1 at Sat Nov 13 14:55:16 -0800 2010
  Processing by HomeController#contact as HTML
Rendered home/contact.html.haml within layouts/application (4.8ms)
Completed 200 OK in 10ms (Views: 9.7ms | ActiveRecord: 0.0ms)


Started GET "/contact" for 127.0.0.1 at Sat Nov 13 14:55:18 -0800 2010
  Processing by HomeController#contact as HTML
Rendered home/contact.html.haml within layouts/application (5.2ms)
Completed 200 OK in 87ms (Views: 10.3ms | ActiveRecord: 0.0ms)


Started GET "/contact" for 127.0.0.1 at Sat Nov 13 14:55:34 -0800 2010
  Processing by HomeController#contact as HTML
Rendered home/contact.html.haml within layouts/application (6.4ms)
Completed 200 OK in 14ms (Views: 12.7ms | ActiveRecord: 0.0ms)


Started GET "/contact" for 127.0.0.1 at Sat Nov 13 14:55:54 -0800 2010
  Processing by HomeController#contact as HTML
Rendered home/contact.html.haml within layouts/application (8.8ms)
Completed 200 OK in 15ms (Views: 14.7ms | ActiveRecord: 0.0ms)


Started GET "/contact" for 127.0.0.1 at Sat Nov 13 14:55:55 -0800 2010
  Processing by HomeController#contact as HTML
Rendered home/contact.html.haml within layouts/application (5.8ms)
Completed 200 OK in 11ms (Views: 10.8ms | ActiveRecord: 0.0ms)


Started GET "/contact" for 127.0.0.1 at Sat Nov 13 14:56:02 -0800 2010
  Processing by HomeController#contact as HTML
Rendered home/contact.html.haml within layouts/application (7.6ms)
Completed 200 OK in 13ms (Views: 12.9ms | ActiveRecord: 0.0ms)


Started GET "/contact" for 127.0.0.1 at Sat Nov 13 14:59:50 -0800 2010
  Processing by HomeController#contact as HTML
Rendered home/contact.html.haml within layouts/application (4.6ms)
Completed 200 OK in 10ms (Views: 9.6ms | ActiveRecord: 0.0ms)


Started GET "/contact" for 127.0.0.1 at Sat Nov 13 14:59:51 -0800 2010
  Processing by HomeController#contact as HTML
Rendered home/contact.html.haml within layouts/application (5.8ms)
Completed 200 OK in 14ms (Views: 13.6ms | ActiveRecord: 0.0ms)


Started GET "/contact" for 127.0.0.1 at Sat Nov 13 14:59:58 -0800 2010
  Processing by HomeController#contact as HTML
Rendered home/contact.html.haml within layouts/application (5.4ms)
Completed 200 OK in 12ms (Views: 11.1ms | ActiveRecord: 0.0ms)


Started GET "/contact" for 127.0.0.1 at Sat Nov 13 15:00:00 -0800 2010
  Processing by HomeController#contact as HTML
Rendered home/contact.html.haml within layouts/application (8.2ms)
Completed 200 OK in 20ms (Views: 19.4ms | ActiveRecord: 0.0ms)


Started GET "/contact" for 127.0.0.1 at Sat Nov 13 15:00:00 -0800 2010
  Processing by HomeController#contact as HTML
Rendered home/contact.html.haml within layouts/application (74.0ms)
Completed 200 OK in 79ms (Views: 79.0ms | ActiveRecord: 0.0ms)


Started GET "/contact" for 127.0.0.1 at Sat Nov 13 15:00:07 -0800 2010
  Processing by HomeController#contact as HTML
Rendered home/contact.html.haml within layouts/application (5.9ms)
Completed 200 OK in 15ms (Views: 15.0ms | ActiveRecord: 0.0ms)


Started GET "/contact" for 127.0.0.1 at Sat Nov 13 15:00:08 -0800 2010
  Processing by HomeController#contact as HTML
Rendered home/contact.html.haml within layouts/application (10.0ms)
Completed 200 OK in 17ms (Views: 16.7ms | ActiveRecord: 0.0ms)


Started GET "/contact" for 127.0.0.1 at Sat Nov 13 15:00:09 -0800 2010
  Processing by HomeController#contact as HTML
Rendered home/contact.html.haml within layouts/application (4.7ms)
Completed 200 OK in 10ms (Views: 9.7ms | ActiveRecord: 0.0ms)


Started GET "/contact" for 127.0.0.1 at Sat Nov 13 15:00:10 -0800 2010
  Processing by HomeController#contact as HTML
Rendered home/contact.html.haml within layouts/application (4.6ms)
Completed 200 OK in 10ms (Views: 9.5ms | ActiveRecord: 0.0ms)


Started GET "/contact" for 127.0.0.1 at Sat Nov 13 15:00:14 -0800 2010
  Processing by HomeController#contact as HTML
Rendered home/contact.html.haml within layouts/application (4.7ms)
Completed 200 OK in 11ms (Views: 10.8ms | ActiveRecord: 0.0ms)


Started GET "/contact" for 127.0.0.1 at Sat Nov 13 15:00:45 -0800 2010
  Processing by HomeController#contact as HTML
Rendered home/contact.html.haml within layouts/application (5.2ms)
Completed 200 OK in 14ms (Views: 13.6ms | ActiveRecord: 0.0ms)


Started GET "/contact" for 127.0.0.1 at Sat Nov 13 15:00:53 -0800 2010
  Processing by HomeController#contact as HTML
Rendered home/contact.html.haml within layouts/application (5.0ms)
Completed 200 OK in 10ms (Views: 9.7ms | ActiveRecord: 0.0ms)


Started GET "/contact" for 127.0.0.1 at Sat Nov 13 15:00:55 -0800 2010
  Processing by HomeController#contact as HTML
Rendered home/contact.html.haml within layouts/application (4.7ms)
Completed 200 OK in 10ms (Views: 9.6ms | ActiveRecord: 0.0ms)


Started GET "/contact" for 127.0.0.1 at Sat Nov 13 15:00:56 -0800 2010
  Processing by HomeController#contact as HTML
Rendered home/contact.html.haml within layouts/application (4.5ms)
Completed 200 OK in 10ms (Views: 9.2ms | ActiveRecord: 0.0ms)


Started GET "/contact" for 127.0.0.1 at Sat Nov 13 15:01:06 -0800 2010
  Processing by HomeController#contact as HTML
Rendered home/contact.html.haml within layouts/application (99.8ms)
Completed 200 OK in 106ms (Views: 105.4ms | ActiveRecord: 0.0ms)


Started GET "/contact" for 127.0.0.1 at Sat Nov 13 15:01:08 -0800 2010
  Processing by HomeController#contact as HTML
Rendered home/contact.html.haml within layouts/application (5.2ms)
Completed 200 OK in 12ms (Views: 11.3ms | ActiveRecord: 0.0ms)


Started GET "/contact" for 127.0.0.1 at Sat Nov 13 15:01:28 -0800 2010
  Processing by HomeController#contact as HTML
Rendered home/contact.html.haml within layouts/application (6.1ms)
Completed 200 OK in 12ms (Views: 11.3ms | ActiveRecord: 0.0ms)


Started GET "/contact" for 127.0.0.1 at Sat Nov 13 15:01:34 -0800 2010
  Processing by HomeController#contact as HTML
Rendered home/contact.html.haml within layouts/application (4.7ms)
Completed 200 OK in 10ms (Views: 9.8ms | ActiveRecord: 0.0ms)


Started GET "/contact" for 127.0.0.1 at Sat Nov 13 15:02:06 -0800 2010
  Processing by HomeController#contact as HTML
Rendered home/contact.html.haml within layouts/application (74.1ms)
Completed 200 OK in 79ms (Views: 79.1ms | ActiveRecord: 0.0ms)


Started GET "/contact" for 127.0.0.1 at Sat Nov 13 15:02:12 -0800 2010
  Processing by HomeController#contact as HTML
Rendered home/contact.html.haml within layouts/application (4.7ms)
Completed 200 OK in 10ms (Views: 9.8ms | ActiveRecord: 0.0ms)


Started GET "/contact" for 127.0.0.1 at Sat Nov 13 15:02:22 -0800 2010
  Processing by HomeController#contact as HTML
Rendered home/contact.html.haml within layouts/application (9.9ms)
Completed 200 OK in 15ms (Views: 15.0ms | ActiveRecord: 0.0ms)


Started GET "/contact" for 127.0.0.1 at Sat Nov 13 15:02:27 -0800 2010
  Processing by HomeController#contact as HTML
Rendered home/contact.html.haml within layouts/application (4.6ms)
Completed 200 OK in 10ms (Views: 9.7ms | ActiveRecord: 0.0ms)


Started GET "/contact" for 127.0.0.1 at Sat Nov 13 15:02:33 -0800 2010
  Processing by HomeController#contact as HTML
Rendered home/contact.html.haml within layouts/application (5.4ms)
Completed 200 OK in 82ms (Views: 81.1ms | ActiveRecord: 0.0ms)


Started GET "/contact" for 127.0.0.1 at Sat Nov 13 15:02:38 -0800 2010
  Processing by HomeController#contact as HTML
Rendered home/contact.html.haml within layouts/application (6.7ms)
Completed 200 OK in 14ms (Views: 14.0ms | ActiveRecord: 0.0ms)


Started GET "/contact" for 127.0.0.1 at Sat Nov 13 15:02:40 -0800 2010
  Processing by HomeController#contact as HTML
Rendered home/contact.html.haml within layouts/application (4.8ms)
Completed 200 OK in 10ms (Views: 9.7ms | ActiveRecord: 0.0ms)


Started GET "/contact" for 127.0.0.1 at Sat Nov 13 15:02:41 -0800 2010
  Processing by HomeController#contact as HTML
Rendered home/contact.html.haml within layouts/application (4.6ms)
Completed 200 OK in 10ms (Views: 9.7ms | ActiveRecord: 0.0ms)


Started GET "/contact" for 127.0.0.1 at Sat Nov 13 15:02:43 -0800 2010
  Processing by HomeController#contact as HTML
Rendered home/contact.html.haml within layouts/application (6.3ms)
Completed 200 OK in 13ms (Views: 12.4ms | ActiveRecord: 0.0ms)


Started GET "/contact" for 127.0.0.1 at Sat Nov 13 15:03:07 -0800 2010
  Processing by HomeController#contact as HTML
Rendered home/contact.html.haml within layouts/application (5.1ms)
Completed 200 OK in 10ms (Views: 9.9ms | ActiveRecord: 0.0ms)


Started GET "/contact" for 127.0.0.1 at Sat Nov 13 15:03:19 -0800 2010
  Processing by HomeController#contact as HTML
Rendered home/contact.html.haml within layouts/application (4.6ms)
Completed 200 OK in 10ms (Views: 9.2ms | ActiveRecord: 0.0ms)


Started GET "/contact" for 127.0.0.1 at Sat Nov 13 15:03:25 -0800 2010
  Processing by HomeController#contact as HTML
Rendered home/contact.html.haml within layouts/application (4.8ms)
Completed 200 OK in 10ms (Views: 9.8ms | ActiveRecord: 0.0ms)


Started GET "/contact" for 127.0.0.1 at Sat Nov 13 15:03:26 -0800 2010
  Processing by HomeController#contact as HTML
Rendered home/contact.html.haml within layouts/application (4.8ms)
Completed 200 OK in 12ms (Views: 11.1ms | ActiveRecord: 0.0ms)


Started GET "/contact" for 127.0.0.1 at Sat Nov 13 15:03:31 -0800 2010
  Processing by HomeController#contact as HTML
Rendered home/contact.html.haml within layouts/application (5.1ms)
Completed 200 OK in 10ms (Views: 9.9ms | ActiveRecord: 0.0ms)


Started GET "/contact" for 127.0.0.1 at Sat Nov 13 15:04:55 -0800 2010
  Processing by HomeController#contact as HTML
Rendered home/contact.html.haml within layouts/application (4.8ms)
Completed 200 OK in 10ms (Views: 9.4ms | ActiveRecord: 0.0ms)


Started GET "/contact" for 127.0.0.1 at Sat Nov 13 15:05:36 -0800 2010
  Processing by HomeController#contact as HTML
Rendered home/contact.html.haml within layouts/application (4.7ms)
Completed 200 OK in 10ms (Views: 9.7ms | ActiveRecord: 0.0ms)


Started GET "/contact" for 127.0.0.1 at Sat Nov 13 15:05:38 -0800 2010
  Processing by HomeController#contact as HTML
Rendered home/contact.html.haml within layouts/application (4.4ms)
Completed 200 OK in 10ms (Views: 9.4ms | ActiveRecord: 0.0ms)


Started GET "/contact" for 127.0.0.1 at Sat Nov 13 15:05:46 -0800 2010
  Processing by HomeController#contact as HTML
Rendered home/contact.html.haml within layouts/application (8.6ms)
Completed 200 OK in 14ms (Views: 13.4ms | ActiveRecord: 0.0ms)


Started GET "/contact" for 127.0.0.1 at Sat Nov 13 15:05:47 -0800 2010
  Processing by HomeController#contact as HTML
Rendered home/contact.html.haml within layouts/application (10.7ms)
Completed 200 OK in 17ms (Views: 16.6ms | ActiveRecord: 0.0ms)


Started GET "/contact" for 127.0.0.1 at Sat Nov 13 15:05:51 -0800 2010
  Processing by HomeController#contact as HTML
Rendered home/contact.html.haml within layouts/application (10.0ms)
Completed 200 OK in 43ms (Views: 42.9ms | ActiveRecord: 0.0ms)


Started GET "/contact" for 127.0.0.1 at Sat Nov 13 15:05:52 -0800 2010
  Processing by HomeController#contact as HTML
Rendered home/contact.html.haml within layouts/application (4.6ms)
Completed 200 OK in 10ms (Views: 9.2ms | ActiveRecord: 0.0ms)


Started GET "/contact" for 127.0.0.1 at Sat Nov 13 15:06:04 -0800 2010
  Processing by HomeController#contact as HTML
Rendered home/contact.html.haml within layouts/application (99.9ms)
Completed 200 OK in 106ms (Views: 105.1ms | ActiveRecord: 0.0ms)


Started GET "/contact" for 127.0.0.1 at Sat Nov 13 15:06:24 -0800 2010
  Processing by HomeController#contact as HTML
Rendered home/contact.html.haml within layouts/application (7.2ms)
Completed 200 OK in 13ms (Views: 12.6ms | ActiveRecord: 0.0ms)


Started GET "/contact" for 127.0.0.1 at Sat Nov 13 15:08:10 -0800 2010
  Processing by HomeController#contact as HTML
Rendered home/contact.html.haml within layouts/application (5.6ms)
Completed 200 OK in 11ms (Views: 10.9ms | ActiveRecord: 0.0ms)


Started GET "/contact" for 127.0.0.1 at Sat Nov 13 15:08:12 -0800 2010
  Processing by HomeController#contact as HTML
Rendered home/contact.html.haml within layouts/application (4.9ms)
Completed 200 OK in 10ms (Views: 9.6ms | ActiveRecord: 0.0ms)


Started GET "/contact" for 127.0.0.1 at Sat Nov 13 15:08:13 -0800 2010
  Processing by HomeController#contact as HTML
Rendered home/contact.html.haml within layouts/application (4.7ms)
Completed 200 OK in 10ms (Views: 9.5ms | ActiveRecord: 0.0ms)


Started GET "/contact" for 127.0.0.1 at Sat Nov 13 15:08:14 -0800 2010
  Processing by HomeController#contact as HTML
Rendered home/contact.html.haml within layouts/application (74.7ms)
Completed 200 OK in 80ms (Views: 79.7ms | ActiveRecord: 0.0ms)


Started GET "/" for 127.0.0.1 at Sat Nov 13 15:08:15 -0800 2010
  Processing by HomeController#index as HTML
Rendered home/index.html.haml within layouts/application (5.3ms)
Completed 200 OK in 11ms (Views: 10.2ms | ActiveRecord: 0.0ms)


Started GET "/" for 127.0.0.1 at Sat Nov 13 15:08:21 -0800 2010
  Processing by HomeController#index as HTML
Rendered home/index.html.haml within layouts/application (5.1ms)
Completed 200 OK in 10ms (Views: 9.9ms | ActiveRecord: 0.0ms)


Started GET "/" for 127.0.0.1 at Sat Nov 13 15:08:41 -0800 2010
  Processing by HomeController#index as HTML
Rendered home/index.html.haml within layouts/application (12.6ms)
Completed 200 OK in 19ms (Views: 18.2ms | ActiveRecord: 0.0ms)


Started GET "/" for 127.0.0.1 at Sat Nov 13 15:09:10 -0800 2010
  Processing by HomeController#index as HTML
Rendered home/index.html.haml within layouts/application (6.0ms)
Completed 200 OK in 15ms (Views: 14.1ms | ActiveRecord: 0.0ms)


Started GET "/" for 127.0.0.1 at Sat Nov 13 15:09:14 -0800 2010
  Processing by HomeController#index as HTML
Rendered home/index.html.haml within layouts/application (7.8ms)
Completed 200 OK in 15ms (Views: 15.0ms | ActiveRecord: 0.0ms)


Started GET "/" for 127.0.0.1 at Sat Nov 13 15:09:15 -0800 2010
  Processing by HomeController#index as HTML
Rendered home/index.html.haml within layouts/application (4.9ms)
Completed 200 OK in 10ms (Views: 9.7ms | ActiveRecord: 0.0ms)


Started GET "/" for 127.0.0.1 at Sat Nov 13 15:09:34 -0800 2010
  Processing by HomeController#index as HTML
Rendered home/index.html.haml within layouts/application (4.6ms)
Completed 200 OK in 10ms (Views: 9.3ms | ActiveRecord: 0.0ms)


Started GET "/" for 127.0.0.1 at Sat Nov 13 15:11:54 -0800 2010
  Processing by HomeController#index as HTML
Rendered home/index.html.haml within layouts/application (5.2ms)
Completed 200 OK in 11ms (Views: 10.7ms | ActiveRecord: 0.0ms)


Started GET "/" for 127.0.0.1 at Sat Nov 13 15:13:05 -0800 2010
  Processing by HomeController#index as HTML
Rendered home/index.html.haml within layouts/application (10.7ms)
Completed 200 OK in 36ms (Views: 35.5ms | ActiveRecord: 0.0ms)


Started GET "/" for 127.0.0.1 at Sat Nov 13 15:13:17 -0800 2010
  Processing by HomeController#index as HTML
Rendered home/index.html.haml within layouts/application (8.1ms)
Completed 200 OK in 14ms (Views: 13.5ms | ActiveRecord: 0.0ms)


Started GET "/" for 127.0.0.1 at Sat Nov 13 15:13:28 -0800 2010
  Processing by HomeController#index as HTML
Rendered home/index.html.haml within layouts/application (6.1ms)
Completed 200 OK in 17ms (Views: 16.2ms | ActiveRecord: 0.0ms)


Started GET "/" for 127.0.0.1 at Sat Nov 13 15:14:04 -0800 2010
  Processing by HomeController#index as HTML
Rendered home/index.html.haml within layouts/application (5.5ms)
Completed 200 OK in 11ms (Views: 10.3ms | ActiveRecord: 0.0ms)


Started GET "/" for 127.0.0.1 at Sat Nov 13 15:14:07 -0800 2010
  Processing by HomeController#index as HTML
Rendered home/index.html.haml within layouts/application (5.8ms)
Completed 200 OK in 11ms (Views: 10.6ms | ActiveRecord: 0.0ms)


Started GET "/" for 127.0.0.1 at Sat Nov 13 15:14:11 -0800 2010
  Processing by HomeController#index as HTML
Rendered home/index.html.haml within layouts/application (6.2ms)
Completed 200 OK in 12ms (Views: 11.5ms | ActiveRecord: 0.0ms)


Started GET "/" for 127.0.0.1 at Sat Nov 13 15:14:12 -0800 2010
  Processing by HomeController#index as HTML
Rendered home/index.html.haml within layouts/application (8.8ms)
Completed 200 OK in 14ms (Views: 14.0ms | ActiveRecord: 0.0ms)


Started GET "/" for 127.0.0.1 at Sat Nov 13 15:14:19 -0800 2010
  Processing by HomeController#index as HTML
Rendered home/index.html.haml within layouts/application (5.4ms)
Completed 200 OK in 11ms (Views: 10.3ms | ActiveRecord: 0.0ms)


Started GET "/" for 127.0.0.1 at Sat Nov 13 15:14:20 -0800 2010
  Processing by HomeController#index as HTML
Rendered home/index.html.haml within layouts/application (13.0ms)
Completed 200 OK in 19ms (Views: 18.8ms | ActiveRecord: 0.0ms)


Started GET "/" for 127.0.0.1 at Sat Nov 13 15:14:26 -0800 2010
  Processing by HomeController#index as HTML
Rendered home/index.html.haml within layouts/application (5.6ms)
Completed 200 OK in 11ms (Views: 10.4ms | ActiveRecord: 0.0ms)


Started GET "/" for 127.0.0.1 at Sat Nov 13 15:14:59 -0800 2010
  Processing by HomeController#index as HTML
Rendered home/index.html.haml within layouts/application (6.0ms)
Completed 200 OK in 12ms (Views: 11.3ms | ActiveRecord: 0.0ms)


Started GET "/" for 127.0.0.1 at Sat Nov 13 15:15:02 -0800 2010
  Processing by HomeController#index as HTML
Rendered home/index.html.haml within layouts/application (5.3ms)
Completed 200 OK in 10ms (Views: 10.1ms | ActiveRecord: 0.0ms)


Started GET "/" for 127.0.0.1 at Sat Nov 13 15:15:14 -0800 2010
  Processing by HomeController#index as HTML
Rendered home/index.html.haml within layouts/application (5.6ms)
Completed 200 OK in 15ms (Views: 12.1ms | ActiveRecord: 0.0ms)


Started GET "/" for 127.0.0.1 at Sat Nov 13 15:15:30 -0800 2010
  Processing by HomeController#index as HTML
Rendered home/index.html.haml within layouts/application (132.7ms)
Completed 200 OK in 140ms (Views: 139.3ms | ActiveRecord: 0.0ms)


Started GET "/" for 127.0.0.1 at Sat Nov 13 15:15:49 -0800 2010
  Processing by HomeController#index as HTML
Rendered home/index.html.haml within layouts/application (7.2ms)
Completed 200 OK in 13ms (Views: 12.7ms | ActiveRecord: 0.0ms)


Started GET "/" for 127.0.0.1 at Sat Nov 13 15:15:51 -0800 2010
  Processing by HomeController#index as HTML
Rendered home/index.html.haml within layouts/application (6.9ms)
Completed 200 OK in 13ms (Views: 12.2ms | ActiveRecord: 0.0ms)


Started GET "/" for 127.0.0.1 at Sat Nov 13 15:16:37 -0800 2010
  Processing by HomeController#index as HTML
Rendered home/index.html.haml within layouts/application (6.7ms)
Completed 200 OK in 16ms (Views: 15.4ms | ActiveRecord: 0.0ms)


Started GET "/" for 127.0.0.1 at Sat Nov 13 15:16:47 -0800 2010
  Processing by HomeController#index as HTML
Rendered home/index.html.haml within layouts/application (6.8ms)
Completed 200 OK in 15ms (Views: 14.1ms | ActiveRecord: 0.0ms)


Started GET "/" for 127.0.0.1 at Sat Nov 13 15:17:23 -0800 2010
  Processing by HomeController#index as HTML
Rendered home/index.html.haml within layouts/application (5.9ms)
Completed 200 OK in 11ms (Views: 10.8ms | ActiveRecord: 0.0ms)


Started GET "/" for 127.0.0.1 at Sat Nov 13 15:18:16 -0800 2010
  Processing by HomeController#index as HTML
Rendered home/index.html.haml within layouts/application (9.1ms)
Completed 200 OK in 15ms (Views: 14.8ms | ActiveRecord: 0.0ms)


Started GET "/" for 127.0.0.1 at Sat Nov 13 15:18:18 -0800 2010
  Processing by HomeController#index as HTML
Rendered home/index.html.haml within layouts/application (8.3ms)
Completed 200 OK in 14ms (Views: 13.2ms | ActiveRecord: 0.0ms)


Started GET "/" for 127.0.0.1 at Sat Nov 13 15:18:18 -0800 2010
  Processing by HomeController#index as HTML
Rendered home/index.html.haml within layouts/application (5.5ms)
Completed 200 OK in 11ms (Views: 10.3ms | ActiveRecord: 0.0ms)


Started GET "/" for 127.0.0.1 at Sat Nov 13 15:18:19 -0800 2010
  Processing by HomeController#index as HTML
Rendered home/index.html.haml within layouts/application (5.8ms)
Completed 200 OK in 11ms (Views: 10.7ms | ActiveRecord: 0.0ms)


Started GET "/" for 127.0.0.1 at Sat Nov 13 15:18:19 -0800 2010
  Processing by HomeController#index as HTML
Rendered home/index.html.haml within layouts/application (6.2ms)
Completed 200 OK in 12ms (Views: 11.7ms | ActiveRecord: 0.0ms)


Started GET "/" for 127.0.0.1 at Sat Nov 13 15:18:25 -0800 2010
  Processing by HomeController#index as HTML
Rendered home/index.html.haml within layouts/application (14.9ms)
Completed 200 OK in 81ms (Views: 80.6ms | ActiveRecord: 0.0ms)


Started GET "/" for 127.0.0.1 at Sat Nov 13 15:18:33 -0800 2010
  Processing by HomeController#index as HTML
Rendered home/index.html.haml within layouts/application (5.7ms)
Completed 200 OK in 11ms (Views: 10.4ms | ActiveRecord: 0.0ms)


Started GET "/" for 127.0.0.1 at Sat Nov 13 15:18:46 -0800 2010
  Processing by HomeController#index as HTML
Rendered home/index.html.haml within layouts/application (83.0ms)
Completed 200 OK in 89ms (Views: 88.3ms | ActiveRecord: 0.0ms)


Started GET "/" for 127.0.0.1 at Sat Nov 13 15:18:48 -0800 2010
  Processing by HomeController#index as HTML
Rendered home/index.html.haml within layouts/application (7.5ms)
Completed 200 OK in 13ms (Views: 12.7ms | ActiveRecord: 0.0ms)


Started GET "/" for 127.0.0.1 at Sat Nov 13 15:18:48 -0800 2010
  Processing by HomeController#index as HTML
Rendered home/index.html.haml within layouts/application (6.1ms)
Completed 200 OK in 11ms (Views: 10.8ms | ActiveRecord: 0.0ms)


Started GET "/" for 127.0.0.1 at Sat Nov 13 15:18:50 -0800 2010
  Processing by HomeController#index as HTML
Rendered home/index.html.haml within layouts/application (6.6ms)
Completed 200 OK in 18ms (Views: 17.8ms | ActiveRecord: 0.0ms)


Started GET "/" for 127.0.0.1 at Sat Nov 13 15:18:51 -0800 2010
  Processing by HomeController#index as HTML
Rendered home/index.html.haml within layouts/application (6.2ms)
Completed 200 OK in 12ms (Views: 11.1ms | ActiveRecord: 0.0ms)


Started GET "/" for 127.0.0.1 at Sat Nov 13 15:18:56 -0800 2010
  Processing by HomeController#index as HTML
Rendered home/index.html.haml within layouts/application (115.3ms)
Completed 200 OK in 122ms (Views: 121.1ms | ActiveRecord: 0.0ms)


Started GET "/" for 127.0.0.1 at Sat Nov 13 15:18:59 -0800 2010
  Processing by HomeController#index as HTML
Rendered home/index.html.haml within layouts/application (5.9ms)
Completed 200 OK in 11ms (Views: 10.7ms | ActiveRecord: 0.0ms)


Started GET "/" for 127.0.0.1 at Sat Nov 13 15:25:22 -0800 2010
  Processing by HomeController#index as HTML
Rendered home/index.html.haml within layouts/application (8.6ms)
Completed 200 OK in 15ms (Views: 14.3ms | ActiveRecord: 0.0ms)


Started GET "/" for 127.0.0.1 at Sat Nov 13 15:25:24 -0800 2010
  Processing by HomeController#index as HTML
Rendered home/index.html.haml within layouts/application (6.1ms)
Completed 200 OK in 12ms (Views: 12.0ms | ActiveRecord: 0.0ms)


Started GET "/" for 127.0.0.1 at Sat Nov 13 15:25:27 -0800 2010
  Processing by HomeController#index as HTML
Rendered home/index.html.haml within layouts/application (6.4ms)
Completed 200 OK in 32ms (Views: 30.7ms | ActiveRecord: 0.0ms)


Started GET "/" for 127.0.0.1 at Sat Nov 13 15:25:27 -0800 2010
  Processing by HomeController#index as HTML
Rendered home/index.html.haml within layouts/application (6.3ms)
Completed 200 OK in 12ms (Views: 11.2ms | ActiveRecord: 0.0ms)


Started GET "/" for 127.0.0.1 at Sat Nov 13 15:25:28 -0800 2010
  Processing by HomeController#index as HTML
Rendered home/index.html.haml within layouts/application (6.2ms)
Completed 200 OK in 11ms (Views: 10.9ms | ActiveRecord: 0.0ms)


Started GET "/" for 127.0.0.1 at Sat Nov 13 15:25:33 -0800 2010
  Processing by HomeController#index as HTML
Rendered home/index.html.haml within layouts/application (32.1ms)
Completed 200 OK in 43ms (Views: 42.1ms | ActiveRecord: 0.0ms)


Started GET "/" for 127.0.0.1 at Sat Nov 13 15:26:07 -0800 2010
  Processing by HomeController#index as HTML
Rendered home/index.html.haml within layouts/application (5.6ms)
Completed 200 OK in 11ms (Views: 10.4ms | ActiveRecord: 0.0ms)


Started GET "/" for 127.0.0.1 at Sat Nov 13 15:26:34 -0800 2010
  Processing by HomeController#index as HTML
Rendered home/index.html.haml within layouts/application (6.2ms)
Completed 200 OK in 12ms (Views: 11.2ms | ActiveRecord: 0.0ms)


Started GET "/" for 127.0.0.1 at Sat Nov 13 15:26:47 -0800 2010
  Processing by HomeController#index as HTML
Rendered home/index.html.haml within layouts/application (6.9ms)
Completed 200 OK in 12ms (Views: 11.5ms | ActiveRecord: 0.0ms)


Started GET "/" for 127.0.0.1 at Sat Nov 13 15:26:57 -0800 2010
  Processing by HomeController#index as HTML
Rendered home/index.html.haml within layouts/application (5.8ms)
Completed 200 OK in 11ms (Views: 10.8ms | ActiveRecord: 0.0ms)


Started GET "/" for 127.0.0.1 at Sat Nov 13 15:27:04 -0800 2010
  Processing by HomeController#index as HTML
Rendered home/index.html.haml within layouts/application (9.5ms)
Completed 200 OK in 17ms (Views: 16.5ms | ActiveRecord: 0.0ms)


Started GET "/" for 127.0.0.1 at Sat Nov 13 15:27:42 -0800 2010
  Processing by HomeController#index as HTML
Rendered home/index.html.haml within layouts/application (7.9ms)
Completed 200 OK in 16ms (Views: 15.2ms | ActiveRecord: 0.0ms)


Started GET "/" for 127.0.0.1 at Sat Nov 13 15:28:17 -0800 2010
  Processing by HomeController#index as HTML
Rendered home/index.html.haml within layouts/application (9.1ms)
Completed 200 OK in 15ms (Views: 14.9ms | ActiveRecord: 0.0ms)


Started GET "/" for 127.0.0.1 at Sat Nov 13 15:29:46 -0800 2010
  Processing by HomeController#index as HTML
Rendered home/index.html.haml within layouts/application (6.0ms)
Completed 200 OK in 11ms (Views: 11.1ms | ActiveRecord: 0.0ms)


Started GET "/" for 127.0.0.1 at Sat Nov 13 15:30:10 -0800 2010
  Processing by HomeController#index as HTML
Rendered home/index.html.haml within layouts/application (8.9ms)
Completed 200 OK in 15ms (Views: 14.4ms | ActiveRecord: 0.0ms)


Started GET "/" for 127.0.0.1 at Sat Nov 13 15:30:23 -0800 2010
  Processing by HomeController#index as HTML
Rendered home/index.html.haml within layouts/application (6.3ms)
Completed 200 OK in 14ms (Views: 13.7ms | ActiveRecord: 0.0ms)


Started GET "/" for 127.0.0.1 at Sat Nov 13 15:32:26 -0800 2010
  Processing by HomeController#index as HTML
Rendered home/index.html.haml within layouts/application (11.2ms)
Completed 200 OK in 19ms (Views: 18.5ms | ActiveRecord: 0.0ms)


Started GET "/" for 127.0.0.1 at Sat Nov 13 15:32:50 -0800 2010
  Processing by HomeController#index as HTML
Rendered home/index.html.haml within layouts/application (6.9ms)
Completed 200 OK in 12ms (Views: 11.6ms | ActiveRecord: 0.0ms)


Started GET "/" for 127.0.0.1 at Sat Nov 13 15:32:54 -0800 2010
  Processing by HomeController#index as HTML
Rendered home/index.html.haml within layouts/application (7.1ms)
Completed 200 OK in 12ms (Views: 11.7ms | ActiveRecord: 0.0ms)


Started GET "/" for 127.0.0.1 at Sat Nov 13 15:33:15 -0800 2010
  Processing by HomeController#index as HTML
Rendered home/index.html.haml within layouts/application (9.3ms)
Completed 200 OK in 16ms (Views: 15.6ms | ActiveRecord: 0.0ms)


Started GET "/" for 127.0.0.1 at Sat Nov 13 15:33:17 -0800 2010
  Processing by HomeController#index as HTML
Rendered home/index.html.haml within layouts/application (20.6ms)
Completed 200 OK in 28ms (Views: 27.5ms | ActiveRecord: 0.0ms)


Started GET "/" for 127.0.0.1 at Sat Nov 13 15:33:28 -0800 2010
  Processing by HomeController#index as HTML
Rendered home/index.html.haml within layouts/application (105.5ms)
Completed 200 OK in 111ms (Views: 110.7ms | ActiveRecord: 0.0ms)


Started GET "/" for 127.0.0.1 at Sat Nov 13 15:33:39 -0800 2010
  Processing by HomeController#index as HTML
Rendered home/index.html.haml within layouts/application (9.6ms)
Completed 200 OK in 15ms (Views: 14.8ms | ActiveRecord: 0.0ms)


Started GET "/" for 127.0.0.1 at Sat Nov 13 15:33:41 -0800 2010
  Processing by HomeController#index as HTML
Rendered home/index.html.haml within layouts/application (6.6ms)
Completed 200 OK in 12ms (Views: 11.2ms | ActiveRecord: 0.0ms)


Started GET "/" for 127.0.0.1 at Sat Nov 13 15:38:28 -0800 2010
  Processing by HomeController#index as HTML
Rendered home/index.html.haml within layouts/application (9.2ms)
Completed 200 OK in 15ms (Views: 14.7ms | ActiveRecord: 0.0ms)


Started GET "/" for 127.0.0.1 at Sat Nov 13 15:38:47 -0800 2010
  Processing by HomeController#index as HTML
Rendered home/index.html.haml within layouts/application (6.7ms)
Completed 200 OK in 12ms (Views: 11.7ms | ActiveRecord: 0.0ms)


Started GET "/" for 127.0.0.1 at Sat Nov 13 15:38:49 -0800 2010
  Processing by HomeController#index as HTML
Rendered home/index.html.haml within layouts/application (7.5ms)
Completed 200 OK in 13ms (Views: 12.3ms | ActiveRecord: 0.0ms)


Started GET "/" for 127.0.0.1 at Sat Nov 13 15:40:36 -0800 2010
  Processing by HomeController#index as HTML
Rendered home/index.html.haml within layouts/application (9.1ms)
Completed 200 OK in 20ms (Views: 19.3ms | ActiveRecord: 0.0ms)


Started GET "/" for 127.0.0.1 at Sat Nov 13 15:42:23 -0800 2010
  Processing by HomeController#index as HTML
Rendered home/index.html.haml within layouts/application (9.0ms)
Completed 200 OK in 16ms (Views: 16.0ms | ActiveRecord: 0.0ms)


Started GET "/" for 127.0.0.1 at Sat Nov 13 15:42:26 -0800 2010
  Processing by HomeController#index as HTML
Rendered home/index.html.haml within layouts/application (7.6ms)
Completed 200 OK in 13ms (Views: 12.3ms | ActiveRecord: 0.0ms)


Started GET "/" for 127.0.0.1 at Sat Nov 13 15:42:33 -0800 2010
  Processing by HomeController#index as HTML
Rendered home/index.html.haml within layouts/application (8.8ms)
Completed 200 OK in 16ms (Views: 16.0ms | ActiveRecord: 0.0ms)


Started GET "/" for 127.0.0.1 at Sat Nov 13 15:43:55 -0800 2010
  Processing by HomeController#index as HTML
Rendered home/index.html.haml within layouts/application (12.2ms)
Completed 200 OK in 19ms (Views: 18.1ms | ActiveRecord: 0.0ms)


Started GET "/" for 127.0.0.1 at Sat Nov 13 15:44:33 -0800 2010
  Processing by HomeController#index as HTML
Rendered home/index.html.haml within layouts/application (8.2ms)
Completed 200 OK in 14ms (Views: 13.1ms | ActiveRecord: 0.0ms)


Started GET "/" for 127.0.0.1 at Sat Nov 13 15:44:41 -0800 2010
  Processing by HomeController#index as HTML
Rendered home/index.html.haml within layouts/application (8.7ms)
Completed 200 OK in 14ms (Views: 13.7ms | ActiveRecord: 0.0ms)


Started GET "/" for 127.0.0.1 at Sat Nov 13 15:44:44 -0800 2010
  Processing by HomeController#index as HTML
Rendered home/index.html.haml within layouts/application (7.8ms)
Completed 200 OK in 13ms (Views: 12.8ms | ActiveRecord: 0.0ms)


Started GET "/" for 127.0.0.1 at Sat Nov 13 15:45:05 -0800 2010
  Processing by HomeController#index as HTML
Rendered home/index.html.haml within layouts/application (11.6ms)
Completed 200 OK in 19ms (Views: 18.9ms | ActiveRecord: 0.0ms)


Started GET "/" for 127.0.0.1 at Sat Nov 13 15:45:11 -0800 2010
  Processing by HomeController#index as HTML
Rendered home/index.html.haml within layouts/application (10.7ms)
Completed 200 OK in 99ms (Views: 98.7ms | ActiveRecord: 0.0ms)


Started GET "/" for 127.0.0.1 at Sat Nov 13 15:45:12 -0800 2010
  Processing by HomeController#index as HTML
Rendered home/index.html.haml within layouts/application (11.2ms)
Completed 200 OK in 17ms (Views: 16.9ms | ActiveRecord: 0.0ms)


Started GET "/" for 127.0.0.1 at Sat Nov 13 15:46:12 -0800 2010
  Processing by HomeController#index as HTML
Rendered home/index.html.haml within layouts/application (10.0ms)
Completed 200 OK in 16ms (Views: 15.2ms | ActiveRecord: 0.0ms)


Started GET "/" for 127.0.0.1 at Sat Nov 13 15:46:13 -0800 2010
  Processing by HomeController#index as HTML
Rendered home/index.html.haml within layouts/application (9.4ms)
Completed 200 OK in 18ms (Views: 17.2ms | ActiveRecord: 0.0ms)


Started GET "/" for 127.0.0.1 at Sat Nov 13 15:52:23 -0800 2010
  Processing by HomeController#index as HTML
Rendered home/index.html.haml within layouts/application (10.2ms)
Completed 200 OK in 17ms (Views: 16.7ms | ActiveRecord: 0.0ms)


Started GET "/" for 127.0.0.1 at Sat Nov 13 15:53:01 -0800 2010
  Processing by HomeController#index as HTML
Rendered home/index.html.haml within layouts/application (10.5ms)
Completed 200 OK in 17ms (Views: 16.2ms | ActiveRecord: 0.0ms)


Started GET "/" for 127.0.0.1 at Sat Nov 13 15:53:14 -0800 2010
  Processing by HomeController#index as HTML
Rendered home/index.html.haml within layouts/application (8.2ms)
Completed 200 OK in 13ms (Views: 13.0ms | ActiveRecord: 0.0ms)


Started GET "/" for 127.0.0.1 at Sat Nov 13 15:53:15 -0800 2010
  Processing by HomeController#index as HTML
Rendered home/index.html.haml within layouts/application (12.2ms)
Completed 200 OK in 19ms (Views: 18.4ms | ActiveRecord: 0.0ms)


Started GET "/" for 127.0.0.1 at Sat Nov 13 15:55:56 -0800 2010
  Processing by HomeController#index as HTML
Rendered home/index.html.haml within layouts/application (11.7ms)
Completed 200 OK in 20ms (Views: 19.1ms | ActiveRecord: 0.0ms)


Started GET "/" for 127.0.0.1 at Sat Nov 13 15:59:57 -0800 2010
  Processing by HomeController#index as HTML
Rendered home/index.html.haml within layouts/application (12.5ms)
Completed 200 OK in 20ms (Views: 19.2ms | ActiveRecord: 0.0ms)


Started GET "/" for 127.0.0.1 at Sat Nov 13 16:00:21 -0800 2010
  Processing by HomeController#index as HTML
Rendered home/index.html.haml within layouts/application (9.3ms)
Completed 200 OK in 22ms (Views: 21.2ms | ActiveRecord: 0.0ms)


Started GET "/" for 127.0.0.1 at Sat Nov 13 16:01:20 -0800 2010
  Processing by HomeController#index as HTML
Rendered home/index.html.haml within layouts/application (9.2ms)
Completed 200 OK in 15ms (Views: 14.3ms | ActiveRecord: 0.0ms)


Started GET "/" for 127.0.0.1 at Sat Nov 13 16:01:22 -0800 2010
  Processing by HomeController#index as HTML
Rendered home/index.html.haml within layouts/application (9.8ms)
Completed 200 OK in 15ms (Views: 14.6ms | ActiveRecord: 0.0ms)


Started GET "/" for 127.0.0.1 at Sat Nov 13 16:02:06 -0800 2010
  Processing by HomeController#index as HTML
Rendered home/index.html.haml within layouts/application (15.6ms)
Completed 200 OK in 23ms (Views: 22.5ms | ActiveRecord: 0.0ms)


Started GET "/" for 127.0.0.1 at Sat Nov 13 16:02:08 -0800 2010
  Processing by HomeController#index as HTML
Rendered home/index.html.haml within layouts/application (12.8ms)
Completed 200 OK in 20ms (Views: 19.9ms | ActiveRecord: 0.0ms)


Started GET "/" for 127.0.0.1 at Sat Nov 13 16:02:21 -0800 2010
  Processing by HomeController#index as HTML
Rendered home/index.html.haml within layouts/application (37.9ms)
Completed 200 OK in 44ms (Views: 43.3ms | ActiveRecord: 0.0ms)


Started GET "/" for 127.0.0.1 at Sat Nov 13 16:05:59 -0800 2010
  Processing by HomeController#index as HTML
Rendered home/index.html.haml within layouts/application (10.7ms)
Completed 200 OK in 16ms (Views: 15.6ms | ActiveRecord: 0.0ms)


Started GET "/" for 127.0.0.1 at Sat Nov 13 16:09:17 -0800 2010
  Processing by HomeController#index as HTML
Rendered home/index.html.haml within layouts/application (15.2ms)
Completed 200 OK in 21ms (Views: 20.6ms | ActiveRecord: 0.0ms)


Started GET "/" for 127.0.0.1 at Sat Nov 13 16:10:35 -0800 2010
  Processing by HomeController#index as HTML
Rendered home/index.html.haml within layouts/application (11.4ms)
Completed 200 OK in 19ms (Views: 18.3ms | ActiveRecord: 0.0ms)


Started GET "/" for 127.0.0.1 at Sat Nov 13 16:10:41 -0800 2010
  Processing by HomeController#index as HTML
Rendered home/index.html.haml within layouts/application (12.3ms)
Completed 200 OK in 24ms (Views: 23.1ms | ActiveRecord: 0.0ms)


Started GET "/articles" for 127.0.0.1 at Sat Nov 13 16:14:51 -0800 2010
  Processing by ArticlesController#index as HTML
Rendered articles/index.html.haml within layouts/application (5.3ms)
Completed 200 OK in 11ms (Views: 10.3ms | ActiveRecord: 0.0ms)


Started GET "/articles" for 127.0.0.1 at Sat Nov 13 16:18:15 -0800 2010
  Processing by ArticlesController#index as HTML
Rendered articles/index.html.haml within layouts/application (9.4ms)
Completed 200 OK in 15ms (Views: 14.4ms | ActiveRecord: 0.0ms)


Started GET "/articles" for 127.0.0.1 at Sat Nov 13 16:19:03 -0800 2010
  Processing by ArticlesController#index as HTML
Rendered articles/index.html.haml within layouts/application (13.8ms)
Completed 200 OK in 19ms (Views: 19.0ms | ActiveRecord: 0.0ms)


Started GET "/articles" for 127.0.0.1 at Sat Nov 13 16:21:17 -0800 2010
  Processing by ArticlesController#index as HTML
Rendered articles/index.html.haml within layouts/application (89.5ms)
Completed 200 OK in 106ms (Views: 104.8ms | ActiveRecord: 0.0ms)


Started GET "/articles" for 127.0.0.1 at Sat Nov 13 16:23:51 -0800 2010
  Processing by ArticlesController#index as HTML
Rendered articles/index.html.haml within layouts/application (7.7ms)
Completed 200 OK in 13ms (Views: 12.5ms | ActiveRecord: 0.0ms)


Started GET "/articles" for 127.0.0.1 at Sat Nov 13 16:23:59 -0800 2010
  Processing by ArticlesController#index as HTML
Rendered articles/index.html.haml within layouts/application (9.2ms)
Completed 200 OK in 15ms (Views: 14.3ms | ActiveRecord: 0.0ms)


Started GET "/articles" for 127.0.0.1 at Sat Nov 13 16:24:44 -0800 2010
  Processing by ArticlesController#index as HTML
Rendered articles/index.html.haml within layouts/application (9.4ms)
Completed 200 OK in 16ms (Views: 15.8ms | ActiveRecord: 0.0ms)


Started GET "/articles" for 127.0.0.1 at Sat Nov 13 16:37:58 -0800 2010
  Processing by ArticlesController#index as HTML
Rendered articles/index.html.haml within layouts/application (7.2ms)
Completed 200 OK in 12ms (Views: 12.0ms | ActiveRecord: 0.0ms)


Started GET "/contact" for 127.0.0.1 at Sat Nov 13 16:37:59 -0800 2010
  Processing by HomeController#contact as HTML
Rendered home/contact.html.haml within layouts/application (6.0ms)
Completed 200 OK in 11ms (Views: 11.0ms | ActiveRecord: 0.0ms)


Started GET "/" for 127.0.0.1 at Sat Nov 13 16:52:49 -0800 2010
  Processing by HomeController#index as HTML
Rendered home/index.html.haml within layouts/application (30.3ms)
Completed 200 OK in 38ms (Views: 37.8ms | ActiveRecord: 0.0ms)


Started GET "/" for 127.0.0.1 at Sat Nov 13 17:29:28 -0800 2010
  Processing by HomeController#index as HTML
Rendered home/index.html.haml within layouts/application (10.5ms)
Completed 200 OK in 16ms (Views: 15.2ms | ActiveRecord: 0.0ms)


Started GET "/contact" for 127.0.0.1 at Sun Nov 14 11:36:48 -0800 2010
  Processing by HomeController#contact as HTML
Rendered home/contact.html.haml within layouts/application (6.0ms)
Completed 200 OK in 12ms (Views: 11.6ms | ActiveRecord: 0.0ms)


Started GET "/contact" for 127.0.0.1 at Sun Nov 14 11:37:10 -0800 2010
  Processing by HomeController#contact as HTML
Rendered home/contact.html.haml within layouts/application (5.9ms)
Completed 200 OK in 11ms (Views: 10.6ms | ActiveRecord: 0.0ms)


Started GET "/contact" for 127.0.0.1 at Sun Nov 14 11:37:29 -0800 2010
  Processing by HomeController#contact as HTML
Rendered home/contact.html.haml within layouts/application (12.5ms)
Completed 200 OK in 20ms (Views: 19.2ms | ActiveRecord: 0.0ms)


Started GET "/contact" for 127.0.0.1 at Tue Nov 16 08:23:54 -0800 2010
  Processing by HomeController#contact as HTML
Rendered home/contact.html.haml within layouts/application (56.2ms)
Completed 200 OK in 141ms (Views: 139.5ms | ActiveRecord: 0.0ms)


Started GET "/contact" for 127.0.0.1 at Tue Nov 16 08:24:37 -0800 2010
  Processing by HomeController#contact as HTML
Rendered home/contact.html.haml within layouts/application (42.2ms)
Completed 200 OK in 49ms (Views: 48.2ms | ActiveRecord: 0.0ms)
